TN:
SF:src/App.tsx
FN:1,(empty-report)
FNF:1
FNH:0
FNDA:0,(empty-report)
DA:1,0
DA:2,0
DA:3,0
DA:4,0
DA:5,0
DA:6,0
DA:7,0
DA:8,0
LF:8
LH:0
BRDA:1,0,0,0
BRF:1
BRH:0
end_of_record
TN:
SF:src/main.tsx
FN:1,(empty-report)
FNF:1
FNH:0
FNDA:0,(empty-report)
DA:1,0
DA:2,0
DA:3,0
DA:4,0
DA:5,0
DA:6,0
DA:7,0
DA:8,0
DA:9,0
DA:10,0
DA:11,0
DA:12,0
DA:13,0
DA:14,0
DA:15,0
DA:16,0
DA:17,0
LF:17
LH:0
BRDA:1,0,0,0
BRF:1
BRH:0
end_of_record
TN:
SF:src/components/Card/Card.tsx
FN:5,render
FNF:1
FNH:1
FNDA:2,render
DA:1,1
DA:2,1
DA:3,1
DA:4,1
DA:5,1
DA:6,2
DA:7,2
DA:8,2
DA:9,2
DA:10,2
DA:11,2
DA:12,2
DA:13,2
DA:14,2
DA:15,2
DA:16,2
DA:17,1
LF:17
LH:17
BRDA:5,0,0,2
BRF:1
BRH:1
end_of_record
TN:
SF:src/components/CardList/CardList.tsx
FN:7,render
FNF:1
FNH:1
FNDA:2,render
DA:1,1
DA:2,1
DA:3,1
DA:4,1
DA:5,1
DA:6,1
DA:7,1
DA:8,2
DA:9,2
DA:10,2
DA:11,2
DA:12,2
DA:13,2
DA:14,2
DA:15,2
DA:16,2
DA:17,2
DA:18,1
LF:18
LH:18
BRDA:7,0,0,2
BRDA:12,1,0,2
BRF:2
BRH:2
end_of_record
TN:
SF:src/components/ErrorBoundary/ErrorBoundary.tsx
FN:14,ErrorBoundary
FN:19,getDerivedStateFromError
FN:23,componentDidCatch
FN:27,render
FNF:4
FNH:4
FNDA:2,ErrorBoundary
FNDA:2,getDerivedStateFromError
FNDA:1,componentDidCatch
FNDA:3,render
DA:1,1
DA:2,1
DA:3,1
DA:4,1
DA:5,1
DA:6,1
DA:7,1
DA:8,1
DA:9,1
DA:10,1
DA:11,1
DA:12,1
DA:13,1
DA:14,1
DA:15,2
DA:16,2
DA:17,2
DA:18,1
DA:19,1
DA:20,2
DA:21,2
DA:22,1
DA:23,1
DA:24,1
DA:25,1
DA:26,1
DA:27,1
DA:28,3
DA:29,2
DA:30,2
DA:31,1
DA:32,1
DA:33,1
DA:34,1
LF:34
LH:34
BRDA:14,0,0,2
BRDA:19,1,0,2
BRDA:23,2,0,1
BRDA:24,3,0,0
BRDA:27,4,0,3
BRDA:28,5,0,2
BRDA:31,6,0,1
BRF:7
BRH:6
end_of_record
TN:
SF:src/components/ErrorButton/ErrorButton.tsx
FN:7,<instance_members_initializer>
FN:8,ErrorButton
FN:15,handleClick
FN:19,render
FNF:4
FNH:4
FNDA:6,<instance_members_initializer>
FNDA:7,ErrorButton
FNDA:1,handleClick
FNDA:8,render
DA:1,1
DA:2,1
DA:3,1
DA:4,1
DA:5,1
DA:6,1
DA:7,1
DA:8,6
DA:9,7
DA:10,7
DA:11,7
DA:12,7
DA:13,7
DA:14,6
DA:15,6
DA:16,1
DA:17,6
DA:18,6
DA:19,6
DA:20,8
DA:21,2
DA:22,2
DA:23,6
DA:24,6
DA:25,6
DA:26,6
DA:27,6
DA:28,6
DA:29,6
DA:30,6
DA:31,6
DA:32,6
DA:33,6
LF:33
LH:33
BRDA:7,0,0,6
BRDA:8,1,0,7
BRDA:15,2,0,1
BRDA:19,3,0,8
BRDA:20,4,0,2
BRDA:23,5,0,6
BRF:6
BRH:6
end_of_record
TN:
SF:src/components/FallbackUI/FallbackUi.tsx
FN:1,FallbackUi
FN:2,handleReload
FNF:2
FNH:1
FNDA:2,FallbackUi
FNDA:0,handleReload
DA:1,1
DA:2,2
DA:3,0
DA:4,2
DA:5,2
DA:6,2
DA:7,2
DA:8,2
DA:9,2
DA:10,2
DA:11,2
DA:12,2
DA:13,2
DA:14,2
DA:15,2
DA:16,2
DA:17,2
DA:18,2
DA:19,2
LF:19
LH:18
BRDA:1,0,0,2
BRF:1
BRH:1
end_of_record
TN:
SF:src/components/Header/Header.tsx
FN:9,<instance_members_initializer>
FN:10,Header
FN:17,handleInputChange
FN:21,handleSearchClick
FN:25,handleKeyDown
FN:31,render
FNF:6
FNH:6
FNDA:9,<instance_members_initializer>
FNDA:9,Header
FNDA:4,handleInputChange
FNDA:3,handleSearchClick
FNDA:1,handleKeyDown
FNDA:32,render
DA:1,1
DA:2,1
DA:3,1
DA:4,1
DA:5,1
DA:6,1
DA:7,1
DA:8,1
DA:9,1
DA:10,9
DA:11,9
DA:12,9
DA:13,9
DA:14,9
DA:15,9
DA:16,9
DA:17,9
DA:18,4
DA:19,9
DA:20,9
DA:21,9
DA:22,3
DA:23,9
DA:24,9
DA:25,9
DA:26,1
DA:27,1
DA:28,1
DA:29,9
DA:30,9
DA:31,9
DA:32,32
DA:33,32
DA:34,32
DA:35,32
DA:36,32
DA:37,32
DA:38,32
DA:39,32
DA:40,32
DA:41,32
DA:42,32
DA:43,32
DA:44,32
DA:45,32
DA:46,32
DA:47,32
DA:48,32
DA:49,32
DA:50,32
DA:51,32
DA:52,32
DA:53,32
DA:54,9
LF:54
LH:54
BRDA:9,0,0,9
BRDA:10,1,0,9
BRDA:17,2,0,4
BRDA:21,3,0,3
BRDA:25,4,0,1
BRDA:31,5,0,32
BRF:6
BRH:6
end_of_record
TN:
SF:src/components/Loader/Loader.tsx
FN:1,Loader
FNF:1
FNH:1
FNDA:1,Loader
DA:1,1
DA:2,1
DA:3,1
DA:4,1
DA:5,1
DA:6,1
DA:7,1
DA:8,1
DA:9,1
DA:10,1
DA:11,1
LF:11
LH:11
BRDA:1,0,0,1
BRF:1
BRH:1
end_of_record
TN:
SF:src/components/Main/Main.tsx
FN:17,render
FNF:1
FNH:1
FNDA:6,render
DA:1,1
DA:2,1
DA:3,1
DA:4,1
DA:5,1
DA:6,1
DA:7,1
DA:8,1
DA:9,1
DA:10,1
DA:11,1
DA:12,1
DA:13,1
DA:14,1
DA:15,1
DA:16,1
DA:17,1
DA:18,6
DA:19,6
DA:20,6
DA:21,6
DA:22,1
DA:23,1
DA:24,1
DA:25,1
DA:26,1
DA:27,6
DA:28,1
DA:29,1
DA:30,1
DA:31,1
DA:32,1
DA:33,1
DA:34,5
DA:35,2
DA:36,2
DA:37,2
DA:38,2
DA:39,2
DA:40,2
DA:41,6
DA:42,6
DA:43,6
DA:44,6
DA:45,6
DA:46,6
DA:47,6
DA:48,6
DA:49,6
DA:50,1
DA:51,1
DA:52,1
DA:53,1
DA:54,1
DA:55,1
DA:56,1
DA:57,1
DA:58,6
DA:59,6
DA:60,6
DA:61,6
DA:62,6
DA:63,6
DA:64,6
DA:65,6
DA:66,1
LF:66
LH:66
BRDA:17,0,0,6
BRDA:21,1,0,1
BRDA:27,2,0,5
BRDA:27,3,0,1
BRDA:34,4,0,4
BRDA:34,5,0,2
BRDA:49,6,0,1
BRDA:49,7,0,1
BRF:8
BRH:8
end_of_record
TN:
SF:src/components/Skeleton/Skeleton.tsx
FN:4,render
FNF:1
FNH:1
FNDA:1,render
DA:1,1
DA:2,1
DA:3,1
DA:4,1
DA:5,1
DA:6,1
DA:7,1
DA:8,8
DA:9,1
DA:10,1
DA:11,1
DA:12,1
DA:13,1
LF:13
LH:13
BRDA:4,0,0,1
BRDA:7,1,0,8
BRF:2
BRH:2
end_of_record
TN:
SF:src/pages/HomePage/HomePage.tsx
FN:16,<instance_members_initializer>
FN:17,HomePage
FN:30,componentDidMount
FN:34,loadAllPokemon
FN:55,filterData
FN:63,handleSearch
FN:73,handleLoadMore
FN:79,render
FNF:8
FNH:7
FNDA:9,<instance_members_initializer>
FNDA:9,HomePage
FNDA:9,componentDidMount
FNDA:9,loadAllPokemon
FNDA:10,filterData
FNDA:3,handleSearch
FNDA:0,handleLoadMore
FNDA:29,render
DA:1,1
DA:2,1
DA:3,1
DA:4,1
DA:5,1
DA:6,1
DA:7,1
DA:8,1
DA:9,1
DA:10,1
DA:11,1
DA:12,1
DA:13,1
DA:14,1
DA:15,1
DA:16,1
DA:17,9
DA:18,9
DA:19,9
DA:20,9
DA:21,9
DA:22,9
DA:23,9
DA:24,9
DA:25,9
DA:26,9
DA:27,9
DA:28,9
DA:29,9
DA:30,9
DA:31,9
DA:32,9
DA:33,9
DA:34,9
DA:35,9
DA:36,9
DA:37,9
DA:38,9
DA:39,7
DA:40,7
DA:41,7
DA:42,7
DA:43,7
DA:44,7
DA:45,7
DA:46,9
DA:47,9
DA:48,2
DA:49,2
DA:50,2
DA:51,2
DA:52,9
DA:53,9
DA:54,9
DA:55,9
DA:56,10
DA:57,10
DA:58,5
DA:59,15
DA:60,5
DA:61,9
DA:62,9
DA:63,9
DA:64,3
DA:65,3
DA:66,3
DA:67,3
DA:68,3
DA:69,3
DA:70,3
DA:71,9
DA:72,9
DA:73,9
DA:74,0
DA:75,0
DA:76,0
DA:77,9
DA:78,9
DA:79,9
DA:80,29
DA:81,29
DA:82,29
DA:83,29
DA:84,29
DA:85,29
DA:86,29
DA:87,29
DA:88,29
DA:89,29
DA:90,29
DA:91,29
DA:92,29
DA:93,29
DA:94,29
DA:95,29
DA:96,29
DA:97,9
LF:97
LH:94
BRDA:16,0,0,9
BRDA:17,1,0,9
BRDA:19,2,0,7
BRDA:30,3,0,9
BRDA:34,4,0,9
BRDA:38,5,0,7
BRDA:47,6,0,2
BRDA:50,7,0,0
BRDA:55,8,0,10
BRDA:57,9,0,5
BRDA:58,10,0,15
BRDA:63,11,0,3
BRDA:79,12,0,29
BRF:13
BRH:12
end_of_record
TN:
SF:src/utils/api.ts
FN:4,fetchAllPokemon
FNF:1
FNH:1
FNDA:3,fetchAllPokemon
DA:1,1
DA:2,1
DA:3,1
DA:4,1
DA:5,3
DA:6,2
DA:7,3
DA:8,1
DA:9,1
DA:10,1
DA:11,1
DA:12,1
DA:13,1
DA:14,1
DA:15,1
LF:15
LH:15
BRDA:4,0,0,3
BRDA:6,1,0,2
BRDA:7,2,0,1
BRF:3
BRH:3
end_of_record
TN:
SF:src/utils/const.ts
FNF:0
FNH:0
DA:1,1
LF:1
LH:1
BRF:0
BRH:0
end_of_record
TN:
SF:src/utils/getPokemonId.ts
FN:1,getPokemonId
FNF:1
FNH:1
FNDA:4,getPokemonId
DA:1,1
DA:2,4
DA:3,4
DA:4,4
LF:4
LH:4
BRDA:1,0,0,4
BRF:1
BRH:1
end_of_record
TN:
SF:src/utils/logErrorToMyService.ts
FN:1,logErrorToMyService
FNF:1
FNH:1
FNDA:1,logErrorToMyService
DA:1,1
DA:2,1
DA:3,1
DA:4,1
LF:4
LH:4
BRDA:1,0,0,1
BRF:1
BRH:1
end_of_record
TN:
SF:src/utils/types.ts
FN:1,(empty-report)
FNF:1
FNH:0
FNDA:0,(empty-report)
DA:1,0
DA:2,0
DA:3,0
DA:4,0
LF:4
LH:0
BRDA:1,0,0,0
BRF:1
BRH:0
end_of_record
